{"level":"error","message":"Redis error","timestamp":"2026-04-03 17:08:20"}
{"level":"error","message":"Redis error","timestamp":"2026-04-03 17:08:21"}
{"level":"error","message":"Redis error","timestamp":"2026-04-03 17:08:21"}
{"level":"error","message":"Redis error","timestamp":"2026-04-03 17:08:21"}
{"level":"error","message":"Redis error","timestamp":"2026-04-03 17:08:21"}
{"level":"error","message":"Redis error","timestamp":"2026-04-03 17:08:21"}
{"level":"error","message":"Redis error","timestamp":"2026-04-03 17:08:22"}
{"level":"error","message":"Redis error","timestamp":"2026-04-03 17:08:22"}
{"level":"error","message":"Redis error","timestamp":"2026-04-03 17:08:22"}
{"level":"error","message":"Redis error","timestamp":"2026-04-03 17:08:23"}
{"level":"error","message":"Redis error","timestamp":"2026-04-03 17:08:23"}
{"level":"error","message":"Redis error","timestamp":"2026-04-03 17:08:24"}
{"ip":"::1","level":"error","message":"\nInvalid `prisma.users.findFirst()` invocation in\nC:\\Users\\kanaka\\Documents\\InteriorProject\\backend\\repository\\user.repository.ts:23:41\n\n  20 }\n  21 \n  22 fetch = async (id?: string, username?: string, email?: string): Promise<User> => {\n→ 23     const user = await prisma.users.findFirst(\nInvalid input value: invalid input syntax for type uuid: \"ssp@gmail.com\"","timestamp":"2026-04-03 17:47:02"}
{"ip":"::1","level":"error","message":"secretOrPrivateKey must have a value","timestamp":"2026-04-03 17:48:59"}
{"ip":"::1","level":"error","message":"\nInvalid `this.model.delete()` invocation in\nC:\\Users\\kanaka\\Documents\\InteriorProject\\backend\\repository\\base.repository.ts:191:37\n\n  188  */\n  189 hardDelete = async (id: string, userId?: string): Promise<T> => {\n  190     try {\n→ 191         return await this.model.delete({\n                where: {\n                  id: undefined,\n              ?   username?: String,\n              ?   email?: String,\n              ?   AND?: usersWhereInput | usersWhereInput[],\n              ?   OR?: usersWhereInput[],\n              ?   NOT?: usersWhereInput | usersWhereInput[],\n              ?   password?: StringFilter | String,\n              ?   role?: EnumRoleFilter | Role,\n              ?   createdAt?: DateTimeFilter | DateTime\n                }\n              })\n\nArgument `where` of type usersWhereUniqueInput needs at least one of `id`, `username` or `email` arguments. Available options are marked with ?.","timestamp":"2026-04-03 17:52:20"}
{"ip":"::1","level":"error","message":"Cannot read properties of undefined (reading 'refreshToken')","timestamp":"2026-04-05 14:22:21"}
{"ip":"::1","level":"error","message":"\nInvalid `tx.refreshTokens.findUnique()` invocation in\nC:\\Users\\kanaka\\Documents\\InteriorProject\\backend\\repository\\auth.repository.ts:46:50\n\n  43 \n  44 delete = async (id: string, flag: boolean) => {\n  45     return await prisma.$transaction(async (tx) => {\n→ 46         const token = await tx.refreshTokens.findUnique({\n               where: {\n                 id: {\n                   id: \"5e8937c5-157c-4587-a5c5-40200742cc50\",\n                   familyId: \"218a7bed-15a0-485a-b65a-109a8fed0d58\",\n                   userId: \"aa7bbeda-7e2e-44f7-adad-fa955cc55125\",\n                   isUsed: false\n                 },\n                 ~~~~~~~~~~~~~~~~~~~~~~~~~~~~~~~~~~~~~~~~~~~~~~~~~~\n                 isUsed: false\n               }\n             })\n\nArgument `id`: Invalid value provided. Expected String, provided Object.","timestamp":"2026-04-05 14:23:55"}
{"ip":"::1","level":"error","message":"\nInvalid `tx.refreshTokens.findFirst()` invocation in\nC:\\Users\\kanaka\\Documents\\InteriorProject\\backend\\repository\\auth.repository.ts:46:50\n\n  43 \n  44 delete = async (id: string, flag: boolean) => {\n  45     return await prisma.$transaction(async (tx) => {\n→ 46         const token = await tx.refreshTokens.findFirst({\n               where: {\n                 id: {\n                   id: \"5e8937c5-157c-4587-a5c5-40200742cc50\",\n                   ~~\n                   familyId: \"218a7bed-15a0-485a-b65a-109a8fed0d58\",\n                   userId: \"aa7bbeda-7e2e-44f7-adad-fa955cc55125\",\n                   isUsed: false,\n             ?     equals?: String | StringFieldRefInput,\n             ?     in?: String[] | ListStringFieldRefInput,\n             ?     notIn?: String[] | ListStringFieldRefInput,\n             ?     lt?: String | StringFieldRefInput,\n             ?     lte?: String | StringFieldRefInput,\n             ?     gt?: String | StringFieldRefInput,\n             ?     gte?: String | StringFieldRefInput,\n             ?     mode?: QueryMode,\n             ?     not?: String | NestedUuidFilter\n                 },\n                 isUsed: false\n               }\n             })\n\nUnknown argument `id`. Did you mean `in`? Available options are marked with ?.","timestamp":"2026-04-05 14:32:02"}
{"ip":"::1","level":"error","message":"\nInvalid `this.model.create()` invocation in\nC:\\Users\\kanaka\\Documents\\InteriorProject\\backend\\repository\\base.repository.ts:79:37\n\n  76  */\n  77 create = async (data: TCreateData): Promise<T> => {\n  78     try {\n→ 79         return await this.model.create({\n               data: {\n                 bankName: \"sample\",\n                 accountName: \"sample\",\n                 branch: \"sample\",\n                 pincode: 411041,\n                 accountNumber: \"1234\",\n                                ~~~~~~\n                 ifscCode: \"124\",\n                 accountType: \"Savings\"\n               }\n             })\n\nArgument `accountNumber`: Invalid value provided. Expected Int, provided String.","timestamp":"2026-04-09 17:54:52"}
{"ip":"::1","level":"error","message":"Forbidden!","status":403,"timestamp":"2026-04-09 18:20:26"}
{"ip":"::1","level":"error","message":"Resource not found!","status":404,"timestamp":"2026-04-09 18:20:45"}
{"ip":"::1","level":"error","message":"\nInvalid `tx.projects.create()` invocation in\nC:\\Users\\kanaka\\Documents\\InteriorProject\\backend\\repository\\project.repository.ts:10:47\n\n   7 create = async (projectData: ProjectData, productsData: ProjectProductData, customProductsData: CustomProductsData ) => {\n   8     return await prisma.$transaction(async (tx) => {\n   9 \n→ 10         const project = await tx.projects.create(\nInvalid input value: invalid input syntax for type uuid: \"NA\"","timestamp":"2026-04-09 18:21:19"}
{"ip":"::1","level":"error","message":"Please provide valid data","status":400,"timestamp":"2026-04-09 18:21:48"}
{"ip":"::1","level":"error","message":"\nInvalid `tx.projects.create()` invocation in\nC:\\Users\\kanaka\\Documents\\InteriorProject\\backend\\repository\\project.repository.ts:10:47\n\n   7 create = async (projectData: ProjectData, productsData: ProjectProductData, customProductsData: CustomProductsData ) => {\n   8     return await prisma.$transaction(async (tx) => {\n   9 \n→ 10         const project = await tx.projects.create(\nInvalid input value: invalid input syntax for type uuid: \"NA\"","timestamp":"2026-04-09 18:23:46"}
{"ip":"::1","level":"error","message":"\nInvalid `tx.projectProducts.createManyAndReturn()` invocation in\nC:\\Users\\kanaka\\Documents\\InteriorProject\\backend\\repository\\project.repository.ts:14:62\n\n  11     data: projectData\n  12 });\n  13 \n→ 14 const projectProducts = await tx.projectProducts.createManyAndReturn({\n       data: {\n         0: {\n           productId: \"abc1a2fd-ddd1-4a35-b9b6-fb199b29f57c\",\n           areaId: \"220de051-4f6f-4416-ac34-90cb2899d8be\",\n           price: 100,\n           quantity: 10,\n           designNo: 10,\n           measurementUnit: \"METER\"\n         },\n         projectId: \"0322bc71-6364-4930-8d33-aaa49a7b8de0\",\n     +   productId: String\n       }\n     })\n\nArgument `productId` is missing.","timestamp":"2026-04-09 18:24:02"}
{"ip":"::1","level":"error","message":"\nInvalid `tx.projectProducts.createManyAndReturn()` invocation in\nC:\\Users\\kanaka\\Documents\\InteriorProject\\backend\\repository\\project.repository.ts:14:62\n\n  11     data: projectData\n  12 });\n  13 \n→ 14 const projectProducts = await tx.projectProducts.createManyAndReturn({\n       data: {\n         0: {\n           productId: \"abc1a2fd-ddd1-4a35-b9b6-fb199b29f57c\",\n           areaId: \"220de051-4f6f-4416-ac34-90cb2899d8be\",\n           price: 100,\n           quantity: 10,\n           designNo: 10,\n           measurementUnit: \"METER\"\n         },\n         projectId: \"f012c282-d526-4737-9b42-1613df1b0bc1\",\n     +   productId: String\n       }\n     })\n\nArgument `productId` is missing.","timestamp":"2026-04-09 18:27:49"}
{"level":"error","message":"Redis error","timestamp":"2026-04-09 18:29:46"}
{"level":"error","message":"Redis error","timestamp":"2026-04-09 18:29:47"}
{"level":"error","message":"Redis error","timestamp":"2026-04-09 18:29:47"}
{"level":"error","message":"Redis error","timestamp":"2026-04-09 18:29:47"}
{"level":"error","message":"Redis error","timestamp":"2026-04-09 18:29:48"}
{"level":"error","message":"Redis error","timestamp":"2026-04-09 18:29:48"}
{"level":"error","message":"Redis error","timestamp":"2026-04-09 18:29:48"}
{"level":"error","message":"Redis error","timestamp":"2026-04-09 18:29:49"}
{"level":"error","message":"Redis error","timestamp":"2026-04-09 18:29:49"}
{"level":"error","message":"Redis error","timestamp":"2026-04-09 18:29:50"}
{"level":"error","message":"Redis error","timestamp":"2026-04-09 18:29:50"}
{"level":"error","message":"Redis error","timestamp":"2026-04-09 18:29:51"}
{"level":"error","message":"Redis error","timestamp":"2026-04-09 18:29:51"}
{"level":"error","message":"Redis error","timestamp":"2026-04-10 00:19:22"}
{"level":"error","message":"Redis error","timestamp":"2026-04-10 00:19:22"}
{"level":"error","message":"Redis error","timestamp":"2026-04-10 00:19:23"}
{"level":"error","message":"Redis error","timestamp":"2026-04-10 00:19:24"}
{"level":"error","message":"Redis error","timestamp":"2026-04-10 00:19:25"}
{"level":"error","message":"Redis error","timestamp":"2026-04-10 00:19:26"}
{"level":"error","message":"Redis error","timestamp":"2026-04-10 00:19:27"}
{"level":"error","message":"Redis error","timestamp":"2026-04-10 00:19:28"}
{"level":"error","message":"Redis error","timestamp":"2026-04-10 00:19:29"}
{"level":"error","message":"Redis error","timestamp":"2026-04-10 00:19:31"}
{"level":"error","message":"Redis error","timestamp":"2026-04-10 09:39:16"}
{"level":"error","message":"Redis error","timestamp":"2026-04-10 09:39:18"}
{"level":"error","message":"Redis error","timestamp":"2026-04-10 09:39:19"}
{"ip":"::1","level":"error","message":"\nInvalid `this.model.delete()` invocation in\nC:\\Users\\kanaka\\Documents\\InteriorProject\\backend\\repository\\base.repository.ts:191:37\n\n  188  */\n  189 hardDelete = async (id: string, userId?: string): Promise<T> => {\n  190     try {\n→ 191         return await this.model.delete({\n                where: {\n                  id: undefined,\n              ?   name?: String,\n              ?   AND?: areasWhereInput | areasWhereInput[],\n              ?   OR?: areasWhereInput[],\n              ?   NOT?: areasWhereInput | areasWhereInput[],\n              ?   createdAt?: DateTimeFilter | DateTime,\n              ?   projectProducts?: ProjectProductsListRelationFilter\n                }\n              })\n\nArgument `where` of type areasWhereUniqueInput needs at least one of `id` or `name` arguments. Available options are marked with ?.","timestamp":"2026-04-10 15:35:21"}
{"ip":"::1","level":"error","message":"\nInvalid `this.model.update()` invocation in\nC:\\Users\\kanaka\\Documents\\InteriorProject\\backend\\repository\\base.repository.ts:152:37\n\n  149     where[this.config.statusField] = null;\n  150 }\n  151 \n→ 152 return await this.model.update({\n        where: {\n          id: \"f5c43f00-25fe-4708-98b2-dd550948a0d7\"\n        },\n        data: {\n          bankName: \"idbi\",\n          ~~~~~~~~\n      ?   id?: String | StringFieldUpdateOperationsInput,\n      ?   name?: String | StringFieldUpdateOperationsInput,\n      ?   description?: String | NullableStringFieldUpdateOperationsInput | Null,\n      ?   createdAt?: DateTime | DateTimeFieldUpdateOperationsInput,\n      ?   projectProducts?: projectProductsUpdateManyWithoutBrandNestedInput\n        }\n      })\n\nUnknown argument `bankName`. Available options are marked with ?.","timestamp":"2026-04-10 15:44:47"}
{"ip":"::1","level":"error","message":"\nInvalid `this.model.findMany()` invocation in\nC:\\Users\\kanaka\\Documents\\InteriorProject\\backend\\repository\\product.repository.ts:54:33\n\n  51 }\n  52 \n  53 where = serverUtils.buildWhere(where, filters, data, searchFields);\n→ 54 return await this.model.findMany({\n       take: 10,\n       where: {\n         AND: [\n           {}\n         ]\n       },\n       orderBy: [\n         {\n           createdAt: \"desc\"\n         },\n         {\n           id: \"desc\"\n         }\n       ],\n       includes: {\n       ~~~~~~~~\n         stitchings: true\n       },\n     ? cursor?: productsWhereUniqueInput,\n     ? skip?: Int,\n     ? distinct?: ProductsScalarFieldEnum | ProductsScalarFieldEnum[]\n     })\n\nUnknown argument `includes`. Available options are marked with ?.","timestamp":"2026-04-10 16:20:08"}
{"ip":"::1","level":"error","message":"\nInvalid `this.model.findMany()` invocation in\nC:\\Users\\kanaka\\Documents\\InteriorProject\\backend\\repository\\product.repository.ts:54:33\n\n  51 }\n  52 \n  53 where = serverUtils.buildWhere(where, filters, data, searchFields);\n→ 54 return await this.model.findMany({\n       take: 10,\n       where: {\n         AND: [\n           {}\n         ]\n       },\n       orderBy: [\n         {\n           createdAt: \"desc\"\n         },\n         {\n           id: \"desc\"\n         }\n       ],\n       include: {\n         stitchings: true,\n         ~~~~~~~~~~\n     ?   projectProducts?: true,\n     ?   stichings?: true\n       }\n     })\n\nUnknown field `stitchings` for include statement on model `products`. Available options are marked with ?.","timestamp":"2026-04-10 16:21:01"}
{"ip":"::1","level":"error","message":"Please provide valid data","status":400,"timestamp":"2026-04-10 16:29:19"}
{"ip":"::1","level":"error","message":"\nInvalid `prisma.products.create()` invocation in\nC:\\Users\\kanaka\\Documents\\InteriorProject\\backend\\repository\\product.repository.ts:14:47\n\n  11 }\n  12 \n  13 create = async (data: any): Promise<any> => {\n→ 14     const product = await prisma.products.create(\nUnique constraint failed on the fields: (`name`)","timestamp":"2026-04-10 16:29:34"}
{"ip":"::1","level":"error","message":"\nInvalid `this.model.findMany()` invocation in\nC:\\Users\\kanaka\\Documents\\InteriorProject\\backend\\repository\\product.repository.ts:54:33\n\n  51 }\n  52 \n  53 where = serverUtils.buildWhere(where, filters, data, searchFields);\n→ 54 return await this.model.findMany({\n       take: 10,\n       where: {\n         AND: [\n           {}\n         ]\n       },\n       orderBy: [\n         {\n           createdAt: \"desc\"\n         },\n         {\n           id: \"desc\"\n         }\n       ],\n       include: {\n         stitchings: true,\n         ~~~~~~~~~~\n     ?   projectProducts?: true,\n     ?   stitching?: true\n       }\n     })\n\nUnknown field `stitchings` for include statement on model `products`. Available options are marked with ?.","timestamp":"2026-04-10 16:29:39"}
{"ip":"::1","level":"error","message":"\nInvalid `this.model.findMany()` invocation in\nC:\\Users\\kanaka\\Documents\\InteriorProject\\backend\\repository\\base.repository.ts:123:33\n\n  120 }\n  121 \n  122 where = serverUtils.buildWhere(where, filters, data, searchFields);\n→ 123 return await this.model.findMany({\n        take: 10,\n        where: {\n          AND: [\n            {}\n          ]\n        },\n        orderBy: [\n          {\n            createdAt: \"desc\"\n          },\n          {\n            id: \"desc\"\n          }\n        ]\n      })\n\nUnknown argument `createdAt`. Available options are marked with ?.","timestamp":"2026-04-10 17:18:13"}
{"level":"error","message":"Redis error","timestamp":"2026-04-17 17:30:51"}
{"level":"error","message":"Redis error","timestamp":"2026-04-17 17:30:51"}
{"level":"error","message":"Redis error","timestamp":"2026-04-17 17:30:51"}
{"level":"error","message":"Redis error","timestamp":"2026-04-17 17:30:51"}
{"level":"error","message":"Redis error","timestamp":"2026-04-17 17:30:52"}
{"level":"error","message":"Redis error","timestamp":"2026-04-17 17:30:52"}
{"level":"error","message":"Redis error","timestamp":"2026-04-17 17:30:52"}
{"level":"error","message":"Redis error","timestamp":"2026-04-17 17:36:46"}
{"level":"error","message":"Redis error","timestamp":"2026-04-17 17:36:46"}
{"level":"error","message":"Redis error","timestamp":"2026-04-17 17:36:46"}
{"level":"error","message":"Redis error","timestamp":"2026-04-17 17:36:46"}
{"level":"error","message":"Redis error","timestamp":"2026-04-17 17:36:47"}
{"level":"error","message":"Redis error","timestamp":"2026-04-17 17:36:47"}
{"level":"error","message":"Redis error","timestamp":"2026-04-17 17:36:47"}
{"level":"error","message":"Redis error","timestamp":"2026-04-17 17:36:47"}
{"level":"error","message":"Redis error","timestamp":"2026-04-17 17:36:48"}
{"level":"error","message":"Redis error","timestamp":"2026-04-17 17:36:48"}
{"level":"error","message":"Redis error","timestamp":"2026-04-17 17:36:49"}
{"ip":"127.0.0.1","level":"error","message":"\nInvalid `prisma.users.findFirst()` invocation in\nC:\\Users\\kanaka\\Documents\\InteriorProject\\backend\\repository\\user.repository.ts:20:41\n\n  17 }\n  18 \n  19 fetch = async (id?: string, username?: string, email?: string): Promise<User> => {\n→ 20     const user = await prisma.users.findFirst(\nDatabase `postgres.lljhvppwnkxrmtxapzig` does not exist on the database server","timestamp":"2026-04-17 17:38:32"}
{"ip":"127.0.0.1","level":"error","message":"\nInvalid `prisma.users.findFirst()` invocation in\nC:\\Users\\kanaka\\Documents\\InteriorProject\\backend\\repository\\user.repository.ts:20:41\n\n  17 }\n  18 \n  19 fetch = async (id?: string, username?: string, email?: string): Promise<User> => {\n→ 20     const user = await prisma.users.findFirst(\nDatabase `postgres.lljhvppwnkxrmtxapzig` does not exist on the database server","timestamp":"2026-04-17 17:38:44"}
{"ip":"127.0.0.1","level":"error","message":"\nInvalid `this.model.findMany()` invocation in\nC:\\Users\\kanaka\\Documents\\InteriorProject\\backend\\repository\\base.repository.ts:124:33\n\n  121 }\n  122 \n  123 where = serverUtils.buildWhere(where, filters, data, searchFields);\n→ 124 return await this.model.findMany(\nDatabase `postgres.lljhvppwnkxrmtxapzig` does not exist on the database server","timestamp":"2026-04-17 17:40:51"}
{"ip":"127.0.0.1","level":"error","message":"Resource not found!","status":404,"timestamp":"2026-04-17 17:42:17"}
